<?xml version="1.0" encoding="UTF-8"?>
<testng-results ignored="0" total="1" passed="1" failed="0" skipped="0">
  <reporter-output>
  </reporter-output>
  <suite started-at="2021-08-21T16:53:57 MSK" name="Command line suite" finished-at="2021-08-21T16:54:53 MSK" duration-ms="55972">
    <groups>
    </groups>
    <test started-at="2021-08-21T16:53:57 MSK" name="Command line test" finished-at="2021-08-21T16:54:53 MSK" duration-ms="55972">
      <class name="com.google.cloud.test.HardCoreTest">
        <test-method is-config="true" signature="browserSetup()[pri:0, instance:com.google.cloud.test.HardCoreTest@49ec71f8]" started-at="2021-08-21T16:53:57 MSK" name="browserSetup" finished-at="2021-08-21T16:54:02 MSK" duration-ms="5518" status="PASS">
          <reporter-output>
          </reporter-output>
        </test-method> <!-- browserSetup -->
        <test-method signature="resultValuesAreSimilarToTotalCostInMail()[pri:0, instance:com.google.cloud.test.HardCoreTest@49ec71f8]" started-at="2021-08-21T16:54:02 MSK" name="resultValuesAreSimilarToTotalCostInMail" finished-at="2021-08-21T16:54:51 MSK" duration-ms="48843" status="PASS">
          <reporter-output>
          </reporter-output>
        </test-method> <!-- resultValuesAreSimilarToTotalCostInMail -->
        <test-method is-config="true" signature="browserTearDown()[pri:0, instance:com.google.cloud.test.HardCoreTest@49ec71f8]" started-at="2021-08-21T16:54:51 MSK" name="browserTearDown" finished-at="2021-08-21T16:54:53 MSK" duration-ms="1555" status="PASS">
          <reporter-output>
          </reporter-output>
        </test-method> <!-- browserTearDown -->
      </class> <!-- com.google.cloud.test.HardCoreTest -->
    </test> <!-- Command line test -->
  </suite> <!-- Command line suite -->
</testng-results>
